  run.cpp
C:\Users\0x55\source\repos\PotentEngine\PotentEngine\src\Renderer\engineMesh.h(51,53): warning C4267: "inicjowanie": konwersja z "size_t" do "uint32_t", możliwa utrata danych
  (kompilowanie pliku źródłowego „src/run.cpp”)
  
C:\Users\0x55\source\repos\PotentEngine\PotentEngine\src\Renderer\engineMesh.h(51,41): warning C4267: "inicjowanie": konwersja z "size_t" do "const uint32_t", możliwa utrata danych
  (kompilowanie pliku źródłowego „src/run.cpp”)
  
C:\Users\0x55\source\repos\PotentEngine\PotentEngine\src\Renderer\engineMesh.h(176,57): warning C4267: "inicjowanie": konwersja z "size_t" do "uint32_t", możliwa utrata danych
  (kompilowanie pliku źródłowego „src/run.cpp”)
  
C:\Users\0x55\source\repos\PotentEngine\PotentEngine\src\Renderer\engineMesh.h(176,40): warning C4267: "inicjowanie": konwersja z "size_t" do "const uint32_t", możliwa utrata danych
  (kompilowanie pliku źródłowego „src/run.cpp”)
  
C:\Users\0x55\source\repos\PotentEngine\PotentEngine\src\Renderer\engineMesh.h(365,22): warning C4244: "inicjowanie": konwersja z "std::streamoff" do "uint32_t", możliwa utrata danych
  (kompilowanie pliku źródłowego „src/run.cpp”)
  
C:\Users\0x55\source\repos\PotentEngine\PotentEngine\src\Core\engineMath.h(30,51): warning C4244: "return": konwersja z "double" do "potent::real", możliwa utrata danych
  (kompilowanie pliku źródłowego „src/run.cpp”)
  
C:\Users\0x55\source\repos\PotentEngine\PotentEngine\src\Core\engineMath.h(31,51): warning C4244: "return": konwersja z "double" do "potent::real", możliwa utrata danych
  (kompilowanie pliku źródłowego „src/run.cpp”)
  
C:\Users\0x55\source\repos\PotentEngine\PotentEngine\src\Renderer\engineRenderer.h(90,45): warning C4267: "argument": konwersja z "size_t" do "GLsizei", możliwa utrata danych
  (kompilowanie pliku źródłowego „src/run.cpp”)
  
C:\Users\0x55\source\repos\PotentEngine\PotentEngine\src\Renderer\engineRenderer.h(155,61): warning C4267: "argument": konwersja z "size_t" do "GLsizei", możliwa utrata danych
  (kompilowanie pliku źródłowego „src/run.cpp”)
  
C:\Users\0x55\source\repos\PotentEngine\PotentEngine\src\Renderer\engineCamera.h(29,15): warning C4244: "inicjowanie": konwersja z "double" do "float", możliwa utrata danych
  (kompilowanie pliku źródłowego „src/run.cpp”)
  
C:\Users\0x55\source\repos\PotentEngine\PotentEngine\src\Renderer\engineCamera.h(30,15): warning C4244: "inicjowanie": konwersja z "double" do "float", możliwa utrata danych
  (kompilowanie pliku źródłowego „src/run.cpp”)
  
C:\Users\0x55\source\repos\PotentEngine\PotentEngine\src\Renderer\engineCamera.h(32,16): warning C4244: "=": konwersja z "double" do "int", możliwa utrata danych
  (kompilowanie pliku źródłowego „src/run.cpp”)
  
C:\Users\0x55\source\repos\PotentEngine\PotentEngine\src\Renderer\engineCamera.h(33,16): warning C4244: "=": konwersja z "double" do "int", możliwa utrata danych
  (kompilowanie pliku źródłowego „src/run.cpp”)
  
C:\Users\0x55\source\repos\PotentEngine\PotentEngine\src\Physics\engineParticle.h(32,22): warning C4244: "=": konwersja z "double" do "potent::real", możliwa utrata danych
  (kompilowanie pliku źródłowego „src/run.cpp”)
  
C:\Users\0x55\source\repos\PotentEngine\PotentEngine\src\Physics\engineParticle.h(35,31): warning C4244: "return": konwersja z "double" do "potent::real", możliwa utrata danych
  (kompilowanie pliku źródłowego „src/run.cpp”)
  
C:\Users\0x55\source\repos\PotentEngine\PotentEngine\src\run.cpp(54,35): warning C4244: "argument": konwersja z "double" do "potent::real", możliwa utrata danych
C:\Users\0x55\source\repos\PotentEngine\PotentEngine\src\run.cpp(55,37): warning C4244: "argument": konwersja z "double" do "potent::real", możliwa utrata danych
C:\Users\0x55\source\repos\PotentEngine\PotentEngine\src\run.cpp(62,29): warning C4244: "argument": konwersja z "double" do "potent::real", możliwa utrata danych
C:\Users\0x55\source\repos\PotentEngine\PotentEngine\src\run.cpp(170,31): warning C4244: "argument": konwersja z "double" do "potent::real", możliwa utrata danych
C:\Users\0x55\source\repos\PotentEngine\PotentEngine\src\run.cpp(171,157): warning C4244: "argument": konwersja z "double" do "T", możliwa utrata danych
C:\Users\0x55\source\repos\PotentEngine\PotentEngine\src\run.cpp(171,157): warning C4244:         with
C:\Users\0x55\source\repos\PotentEngine\PotentEngine\src\run.cpp(171,157): warning C4244:         [
C:\Users\0x55\source\repos\PotentEngine\PotentEngine\src\run.cpp(171,157): warning C4244:             T=float
C:\Users\0x55\source\repos\PotentEngine\PotentEngine\src\run.cpp(171,157): warning C4244:         ]
C:\Users\0x55\source\repos\PotentEngine\PotentEngine\src\run.cpp(171,33): warning C4244: "argument": konwersja z "double" do "potent::real", możliwa utrata danych
C:\Users\0x55\source\repos\PotentEngine\PotentEngine\src\run.cpp(175,31): warning C4244: "argument": konwersja z "double" do "potent::real", możliwa utrata danych
C:\Users\0x55\source\repos\PotentEngine\PotentEngine\src\run.cpp(176,157): warning C4244: "argument": konwersja z "double" do "T", możliwa utrata danych
C:\Users\0x55\source\repos\PotentEngine\PotentEngine\src\run.cpp(176,157): warning C4244:         with
C:\Users\0x55\source\repos\PotentEngine\PotentEngine\src\run.cpp(176,157): warning C4244:         [
C:\Users\0x55\source\repos\PotentEngine\PotentEngine\src\run.cpp(176,157): warning C4244:             T=float
C:\Users\0x55\source\repos\PotentEngine\PotentEngine\src\run.cpp(176,157): warning C4244:         ]
C:\Users\0x55\source\repos\PotentEngine\PotentEngine\src\run.cpp(176,33): warning C4244: "argument": konwersja z "double" do "potent::real", możliwa utrata danych
C:\Users\0x55\source\repos\PotentEngine\PotentEngine\src\run.cpp(188,25): warning C4244: "argument": konwersja z "double" do "potent::real", możliwa utrata danych
C:\Users\0x55\source\repos\PotentEngine\PotentEngine\src\Physics\engineParticle.h(57,1): warning C4715: "potent::resolveCollisionSimple”: niewszystkie ścieżki kodu zwracają wartość
  PotentEngine.vcxproj -> C:\Users\0x55\source\repos\PotentEngine\Debug_x64\PotentEngine_x64.exe
