  imgui.cpp
  imgui_demo.cpp
  imgui_draw.cpp
  imgui_impl_glfw.cpp
  imgui_impl_opengl3.cpp
  imgui_stdlib.cpp
  imgui_tables.cpp
  imgui_widgets.cpp
  main.cpp
C:\Users\0x55\source\repos\PotentEngine\PotentEngine\src\Core\engineMath.h(30,51): warning C4244: "return": konwersja z "double" do "potent::real", możliwa utrata danych
  (kompilowanie pliku źródłowego „src/main.cpp”)
  
C:\Users\0x55\source\repos\PotentEngine\PotentEngine\src\Core\engineMath.h(31,51): warning C4244: "return": konwersja z "double" do "potent::real", możliwa utrata danych
  (kompilowanie pliku źródłowego „src/main.cpp”)
  
C:\Users\0x55\source\repos\PotentEngine\PotentEngine\src\Renderer\engineMesh.h(51,53): warning C4267: "inicjowanie": konwersja z "size_t" do "uint32_t", możliwa utrata danych
  (kompilowanie pliku źródłowego „src/main.cpp”)
  
C:\Users\0x55\source\repos\PotentEngine\PotentEngine\src\Renderer\engineMesh.h(51,41): warning C4267: "inicjowanie": konwersja z "size_t" do "const uint32_t", możliwa utrata danych
  (kompilowanie pliku źródłowego „src/main.cpp”)
  
C:\Users\0x55\source\repos\PotentEngine\PotentEngine\src\Renderer\engineMesh.h(176,57): warning C4267: "inicjowanie": konwersja z "size_t" do "uint32_t", możliwa utrata danych
  (kompilowanie pliku źródłowego „src/main.cpp”)
  
C:\Users\0x55\source\repos\PotentEngine\PotentEngine\src\Renderer\engineMesh.h(176,40): warning C4267: "inicjowanie": konwersja z "size_t" do "const uint32_t", możliwa utrata danych
  (kompilowanie pliku źródłowego „src/main.cpp”)
  
C:\Users\0x55\source\repos\PotentEngine\PotentEngine\src\Renderer\engineMesh.h(365,22): warning C4244: "inicjowanie": konwersja z "std::streamoff" do "uint32_t", możliwa utrata danych
  (kompilowanie pliku źródłowego „src/main.cpp”)
  
C:\Users\0x55\source\repos\PotentEngine\PotentEngine\src\Renderer\engineCamera.h(35,15): warning C4244: "inicjowanie": konwersja z "double" do "float", możliwa utrata danych
  (kompilowanie pliku źródłowego „src/main.cpp”)
  
C:\Users\0x55\source\repos\PotentEngine\PotentEngine\src\Renderer\engineCamera.h(36,15): warning C4244: "inicjowanie": konwersja z "double" do "float", możliwa utrata danych
  (kompilowanie pliku źródłowego „src/main.cpp”)
  
C:\Users\0x55\source\repos\PotentEngine\PotentEngine\src\Renderer\engineCamera.h(38,16): warning C4244: "=": konwersja z "double" do "int", możliwa utrata danych
  (kompilowanie pliku źródłowego „src/main.cpp”)
  
C:\Users\0x55\source\repos\PotentEngine\PotentEngine\src\Renderer\engineCamera.h(39,16): warning C4244: "=": konwersja z "double" do "int", możliwa utrata danych
  (kompilowanie pliku źródłowego „src/main.cpp”)
  
C:\Users\0x55\source\repos\PotentEngine\PotentEngine\src\Renderer\engineRenderer.h(98,45): warning C4267: "argument": konwersja z "size_t" do "GLsizei", możliwa utrata danych
  (kompilowanie pliku źródłowego „src/main.cpp”)
  
C:\Users\0x55\source\repos\PotentEngine\PotentEngine\src\Renderer\engineRenderer.h(163,61): warning C4267: "argument": konwersja z "size_t" do "GLsizei", możliwa utrata danych
  (kompilowanie pliku źródłowego „src/main.cpp”)
  
  Generowanie kodu...
LINK : warning LNK4098: domyślna biblioteka "MSVCRT" powoduje konflikt z innymi bibliotekami; użyj opcji /NODEFAULTLIB:biblioteka
  PotentEditor.vcxproj -> C:\Users\0x55\source\repos\PotentEngine\Debug_x64\PotentEditor_x64.exe
