  imgui.cpp
  imgui_demo.cpp
  imgui_draw.cpp
  imgui_impl_glfw.cpp
  imgui_impl_opengl3.cpp
  imgui_stdlib.cpp
  imgui_tables.cpp
  imgui_widgets.cpp
  main.cpp
C:\Users\0x55\source\repos\PotentEngine\PotentEngine\src\Core\engineMath.h(30,51): warning C4244: "return": konwersja z "double" do "potent::real", możliwa utrata danych
  (kompilowanie pliku źródłowego „src/main.cpp”)
  
C:\Users\0x55\source\repos\PotentEngine\PotentEngine\src\Core\engineMath.h(31,51): warning C4244: "return": konwersja z "double" do "potent::real", możliwa utrata danych
  (kompilowanie pliku źródłowego „src/main.cpp”)
  
C:\Users\0x55\source\repos\PotentEngine\PotentEngine\src\Renderer\engineMesh.h(52,53): warning C4267: "inicjowanie": konwersja z "size_t" do "uint32_t", możliwa utrata danych
  (kompilowanie pliku źródłowego „src/main.cpp”)
  
C:\Users\0x55\source\repos\PotentEngine\PotentEngine\src\Renderer\engineMesh.h(52,41): warning C4267: "inicjowanie": konwersja z "size_t" do "const uint32_t", możliwa utrata danych
  (kompilowanie pliku źródłowego „src/main.cpp”)
  
C:\Users\0x55\source\repos\PotentEngine\PotentEngine\src\Renderer\engineMesh.h(177,57): warning C4267: "inicjowanie": konwersja z "size_t" do "uint32_t", możliwa utrata danych
  (kompilowanie pliku źródłowego „src/main.cpp”)
  
C:\Users\0x55\source\repos\PotentEngine\PotentEngine\src\Renderer\engineMesh.h(177,40): warning C4267: "inicjowanie": konwersja z "size_t" do "const uint32_t", możliwa utrata danych
  (kompilowanie pliku źródłowego „src/main.cpp”)
  
C:\Users\0x55\source\repos\PotentEngine\PotentEngine\src\Renderer\engineMesh.h(366,22): warning C4244: "inicjowanie": konwersja z "std::streamoff" do "uint32_t", możliwa utrata danych
  (kompilowanie pliku źródłowego „src/main.cpp”)
  
C:\Users\0x55\source\repos\PotentEngine\PotentEngine\src\Renderer\engineCamera.h(35,15): warning C4244: "inicjowanie": konwersja z "double" do "float", możliwa utrata danych
  (kompilowanie pliku źródłowego „src/main.cpp”)
  
C:\Users\0x55\source\repos\PotentEngine\PotentEngine\src\Renderer\engineCamera.h(36,15): warning C4244: "inicjowanie": konwersja z "double" do "float", możliwa utrata danych
  (kompilowanie pliku źródłowego „src/main.cpp”)
  
C:\Users\0x55\source\repos\PotentEngine\PotentEngine\src\Renderer\engineCamera.h(38,16): warning C4244: "=": konwersja z "double" do "int", możliwa utrata danych
  (kompilowanie pliku źródłowego „src/main.cpp”)
  
C:\Users\0x55\source\repos\PotentEngine\PotentEngine\src\Renderer\engineCamera.h(39,16): warning C4244: "=": konwersja z "double" do "int", możliwa utrata danych
  (kompilowanie pliku źródłowego „src/main.cpp”)
  
C:\Users\0x55\source\repos\PotentEngine\PotentEngine\src\Renderer\engineRendererData.h(69,51): warning C4267: "argument": konwersja z "size_t" do "GLsizei", możliwa utrata danych
  (kompilowanie pliku źródłowego „src/main.cpp”)
  
C:\Users\0x55\source\repos\PotentEngine\PotentEngine\src\Renderer\engineRenderer.h(115,61): warning C4267: "argument": konwersja z "size_t" do "GLsizei", możliwa utrata danych
  (kompilowanie pliku źródłowego „src/main.cpp”)
  
C:\Users\0x55\source\repos\PotentEngine\PotentEngine\src\Renderer\engineRenderer.h(168,29): warning C4267: "=": konwersja z "size_t" do "_Ty", możliwa utrata danych
C:\Users\0x55\source\repos\PotentEngine\PotentEngine\src\Renderer\engineRenderer.h(168,29): warning C4267:         with
C:\Users\0x55\source\repos\PotentEngine\PotentEngine\src\Renderer\engineRenderer.h(168,29): warning C4267:         [
C:\Users\0x55\source\repos\PotentEngine\PotentEngine\src\Renderer\engineRenderer.h(168,29): warning C4267:             _Ty=uint32_t
C:\Users\0x55\source\repos\PotentEngine\PotentEngine\src\Renderer\engineRenderer.h(168,29): warning C4267:         ]
  (kompilowanie pliku źródłowego „src/main.cpp”)
  
C:\Users\0x55\source\repos\PotentEngine\PotentEngine\src\Renderer\engineRenderer.h(282,57): warning C4267: "argument": konwersja z "size_t" do "GLsizei", możliwa utrata danych
  (kompilowanie pliku źródłowego „src/main.cpp”)
  
C:\Users\0x55\source\repos\PotentEngine\PotentEngine\src\Renderer\engineRenderer.h(471,57): warning C4267: "argument": konwersja z "size_t" do "GLsizei", możliwa utrata danych
  (kompilowanie pliku źródłowego „src/main.cpp”)
  
  Trwa generowanie kodu
  2736 of 2871 functions (95.3%) were compiled, the rest were copied from previous compilation.
    2594 functions were new in current compilation
    32 functions had inline decision re-evaluated but remain unchanged
  Zakończono generowanie kodu
  PotentEditor.vcxproj -> C:\Users\0x55\source\repos\PotentEngine\Release_x64\PotentEditor_x64.exe
